#
# There is insufficient memory for the Java Runtime Environment to continue.
# Native memory allocation (malloc) failed to allocate 1048576 bytes for AllocateHeap
# Possible reasons:
#   The system is out of physical RAM or swap space
#   The process is running with CompressedOops enabled, and the Java Heap may be blocking the growth of the native heap
# Possible solutions:
#   Reduce memory load on the system
#   Increase physical memory or swap space
#   Check if swap backing store is full
#   Decrease Java heap size (-Xmx/-Xms)
#   Decrease number of Java threads
#   Decrease Java thread stack sizes (-Xss)
#   Set larger code cache with -XX:ReservedCodeCacheSize=
#   JVM is running with Unscaled Compressed Oops mode in which the Java heap is
#     placed in the first 4GB address space. The Java Heap base address is the
#     maximum limit for the native heap growth. Please use -XX:HeapBaseMinAddress
#     to set the Java Heap base and to place the Java Heap above 4GB virtual address.
# This output file may be truncated or incomplete.
#
#  Out of Memory Error (memory/allocation.inline.hpp:61), pid=6668, tid=0x00000000000018dc
#
# JRE version:  (8.0_241-b07) (build )
# Java VM: Java HotSpot(TM) 64-Bit Server VM (25.241-b07 mixed mode windows-amd64 compressed oops)
# Failed to write core dump. Minidumps are not enabled by default on client versions of Windows
#

---------------  T H R E A D  ---------------

Current thread (0x0000000002fb1000):  JavaThread "Unknown thread" [_thread_in_vm, id=6364, stack(0x0000000001690000,0x0000000001790000)]

Stack: [0x0000000001690000,0x0000000001790000]
[error occurred during error reporting (printing stack bounds), id 0xc0000005]

Native frames: (J=compiled Java code, j=interpreted, Vv=VM code, C=native code)


---------------  P R O C E S S  ---------------

Java Threads: ( => current thread )

Other Threads:

=>0x0000000002fb1000 (exited) JavaThread "Unknown thread" [_thread_in_vm, id=6364, stack(0x0000000001690000,0x0000000001790000)]

VM state:not at safepoint (normal execution)

VM Mutex/Monitor currently owned by a thread: None

heap address: 0x0000000082800000, size: 2008 MB, Compressed Oops mode: 32-bit
Narrow klass base: 0x0000000000000000, Narrow klass shift: 3
Compressed class space size: 1073741824 Address: 0x0000000100000000

Heap:
 PSYoungGen      total 37888K, used 655K [0x00000000d6300000, 0x00000000d8d00000, 0x0000000100000000)
  eden space 32768K, 2% used [0x00000000d6300000,0x00000000d63a3d80,0x00000000d8300000)
  from space 5120K, 0% used [0x00000000d8800000,0x00000000d8800000,0x00000000d8d00000)
  to   space 5120K, 0% used [0x00000000d8300000,0x00000000d8300000,0x00000000d8800000)
 ParOldGen       total 86016K, used 0K [0x0000000082800000, 0x0000000087c00000, 0x00000000d6300000)
  object space 86016K, 0% used [0x0000000082800000,0x0000000082800000,0x0000000087c00000)
 Metaspace       used 752K, capacity 4480K, committed 4480K, reserved 1056768K
  class space    used 76K, capacity 384K, committed 384K, reserved 1048576K

Card table byte_map: [0x0000000012470000,0x0000000012860000] byte_map_base: 0x000000001205c000

Marking Bits: (ParMarkBitMap*) 0x0000000075bebe30
 Begin Bits: [0x0000000013300000, 0x0000000015260000)
 End Bits:   [0x0000000015260000, 0x00000000171c0000)

Polling page: 0x00000000011a0000

CodeCache: size=245760Kb used=328Kb max_used=328Kb free=245431Kb
 bounds [0x00000000030b0000, 0x0000000003320000, 0x00000000120b0000]
 total_blobs=58 nmethods=0 adapters=38
 compilation: enabled

Compilation events (0 events):
No events

GC Heap History (0 events):
No events

Deoptimization events (0 events):
No events

Classes redefined (0 events):
No events

Internal exceptions (0 events):
No events

Events (10 events):
Event: 0.070 loading class java/lang/Short
Event: 0.070 loading class java/lang/Short done
Event: 0.070 loading class java/lang/Integer
Event: 0.070 loading class java/lang/Integer done
Event: 0.070 loading class java/lang/Long
Event: 0.071 loading class java/lang/Long done
Event: 0.072 loading class java/lang/NullPointerException
Event: 0.072 loading class java/lang/NullPointerException done
Event: 0.072 loading class java/lang/ArithmeticException
Event: 0.073 loading class java/lang/ArithmeticException done


Dynamic libraries:
0x00007ff797570000 - 0x00007ff7975a7000 	C:\Program Files\Java\jre1.8.0_241\bin\javaw.exe
0x00007ffeb3050000 - 0x00007ffeb3246000 	C:\WINDOWS\SYSTEM32\ntdll.dll
0x00007ffeb10b0000 - 0x00007ffeb116d000 	C:\WINDOWS\System32\KERNEL32.DLL
0x00007ffeb0790000 - 0x00007ffeb0a59000 	C:\WINDOWS\System32\KERNELBASE.dll
0x00007ffeb1990000 - 0x00007ffeb1a3c000 	C:\WINDOWS\System32\ADVAPI32.dll
0x00007ffeb2600000 - 0x00007ffeb269e000 	C:\WINDOWS\System32\msvcrt.dll
0x00007ffeb22c0000 - 0x00007ffeb235c000 	C:\WINDOWS\System32\sechost.dll
0x00007ffeb2170000 - 0x00007ffeb229b000 	C:\WINDOWS\System32\RPCRT4.dll
0x00007ffeb1ed0000 - 0x00007ffeb2070000 	C:\WINDOWS\System32\USER32.dll
0x00007ffeb0d30000 - 0x00007ffeb0d52000 	C:\WINDOWS\System32\win32u.dll
0x00007ffeb23d0000 - 0x00007ffeb23fa000 	C:\WINDOWS\System32\GDI32.dll
0x00007ffeb0bf0000 - 0x00007ffeb0cf9000 	C:\WINDOWS\System32\gdi32full.dll
0x00007ffeb0eb0000 - 0x00007ffeb0f4d000 	C:\WINDOWS\System32\msvcp_win.dll
0x00007ffeb0d60000 - 0x00007ffeb0e60000 	C:\WINDOWS\System32\ucrtbase.dll
0x00007ffe93e20000 - 0x00007ffe940bb000 	C:\WINDOWS\WinSxS\amd64_microsoft.windows.common-controls_6595b64144ccf1df_6.0.19041.488_none_ca04af081b815d21\COMCTL32.dll
0x00007ffeb20e0000 - 0x00007ffeb2110000 	C:\WINDOWS\System32\IMM32.DLL
0x0000000075200000 - 0x00000000752d2000 	C:\Program Files\Java\jre1.8.0_241\bin\msvcr100.dll
0x00000000753c0000 - 0x0000000075c6c000 	C:\Program Files\Java\jre1.8.0_241\bin\server\jvm.dll
0x00007ffeb23c0000 - 0x00007ffeb23c8000 	C:\WINDOWS\System32\PSAPI.DLL
0x00007ffeab760000 - 0x00007ffeab787000 	C:\WINDOWS\SYSTEM32\WINMM.dll
0x00007ffeaa920000 - 0x00007ffeaa929000 	C:\WINDOWS\SYSTEM32\WSOCK32.dll
0x00007ffea9b90000 - 0x00007ffea9b9a000 	C:\WINDOWS\SYSTEM32\VERSION.dll
0x00007ffeb2070000 - 0x00007ffeb20db000 	C:\WINDOWS\System32\WS2_32.dll
0x00007ffeaa380000 - 0x00007ffeaa38f000 	C:\Program Files\Java\jre1.8.0_241\bin\verify.dll
0x00007ffe97f90000 - 0x00007ffe97fb9000 	C:\Program Files\Java\jre1.8.0_241\bin\java.dll
0x00007ffea9d70000 - 0x00007ffea9d86000 	C:\Program Files\Java\jre1.8.0_241\bin\zip.dll

VM Arguments:
jvm_args: -Dfile.encoding=Cp1252 
java_command: Snake
java_class_path (initial): D:\eclipse projects\Snake\bin
Launcher Type: SUN_STANDARD

Environment Variables:
PATH=C:/Program Files/Java/jre1.8.0_241/bin/server;C:/Program Files/Java/jre1.8.0_241/bin;C:/Program Files/Java/jre1.8.0_241/lib/amd64;C:\Program Files (x86)\Common Files\Oracle\Java\javapath;C:\Program Files\Java\jdk1.8.0_231\bin;C:\Program Files\Java\jre1.8.0_231\bin;E:\MATLAB\runtime\win64;E:\MATLAB\bin;C:\WINDOWS\system32;C:\WINDOWS;C:\WINDOWS\System32\Wbem;C:\WINDOWS\System32\WindowsPowerShell\v1.0\;C:\WINDOWS\System32\OpenSSH\;C:\Users\Radhika Valecha\AppData\Local\Microsoft\WindowsApps;;E:\visual studio\Microsoft VS Code\bin;C:\WINDOWS\System32;
USERNAME=Radhika Valecha
OS=Windows_NT
PROCESSOR_IDENTIFIER=Intel64 Family 6 Model 158 Stepping 10, GenuineIntel



---------------  S Y S T E M  ---------------

OS: Windows 10.0 , 64 bit Build 19041 (10.0.19041.662)

CPU:total 8 (initial active 8) (4 cores per cpu, 2 threads per core) family 6 model 158 stepping 10, cmov, cx8, fxsr, mmx, sse, sse2, sse3, ssse3, sse4.1, sse4.2, popcnt, avx, avx2, aes, clmul, erms, 3dnowpref, lzcnt, ht, tsc, tscinvbit, bmi1, bmi2, adx

Memory: 4k page, physical 8221748k(1822988k free), swap 33387572k(5920k free)

vm_info: Java HotSpot(TM) 64-Bit Server VM (25.241-b07) for windows-amd64 JRE (1.8.0_241-b07), built on Dec 11 2019 10:21:40 by "rejava" with MS VC++ 10.0 (VS2010)

time: Wed Dec 16 23:49:14 2020
timezone: India Standard Time
elapsed time: 0 seconds (0d 0h 0m 0s)

